<?xml version="1.0" encoding="UTF-8"?>
<testsuite xmlns:xsi="http://www.w3.org/2001/XMLSchema-instance" xsi:noNamespaceSchemaLocation="https://maven.apache.org/surefire/maven-surefire-plugin/xsd/surefire-test-report.xsd" name="uta.cse3310.LobbyTest" time="0.116" tests="4" errors="0" skipped="0" failures="0">
  <properties>
[...]
</properties>
  <testcase name="testStartGame" classname="uta.cse3310.LobbyTest" time="0.011"/>
  <testcase name="testJoinGame" classname="uta.cse3310.LobbyTest" time="0"/>
  <testcase name="testGetPlayers" classname="uta.cse3310.LobbyTest" time="0"/>
  <testcase name="testCreateGame" classname="uta.cse3310.LobbyTest" time="0"/>
</testsuite>